<?xml version="1.0" encoding="UTF-8"?>
<!-- Generated by org.testng.reporters.JUnitReportReporter -->
<testsuite hostname="Imran" name="com.leads.test.web.FlightFinderTest" tests="1" failures="0" timestamp="3 Dec 2016 10:45:13 GMT" time="3.879" errors="0">
  <testcase name="checkFlightFind" time="3.879" classname="com.leads.test.web.FlightFinderTest"/>
</testsuite> <!-- com.leads.test.web.FlightFinderTest -->
