<?xml version="1.0" encoding="UTF-8"?>
<!-- Generated by org.testng.reporters.JUnitReportReporter -->
<testsuite hostname="Imran" name="com.leads.test.suite.TestOrder" tests="4" failures="0" timestamp="20 Nov 2016 10:40:10 GMT" time="0.010" errors="0">
  <testcase name="testFindOrder" time="0.003" classname="com.leads.test.suite.TestOrder"/>
  <testcase name="testMakeEmptyOrder" time="0.002" classname="com.leads.test.suite.TestOrder"/>
  <testcase name="testUpdateOrder" time="0.002" classname="com.leads.test.suite.TestOrder"/>
  <testcase name="testMakeOrder" time="0.003" classname="com.leads.test.suite.TestOrder"/>
</testsuite> <!-- com.leads.test.suite.TestOrder -->
