<?xml version="1.0" encoding="UTF-8"?>
<!-- Generated by org.testng.reporters.JUnitReportReporter -->
<testsuite hostname="Imran" name="com.leads.test.suite.TestConfig" tests="1" failures="0" timestamp="20 Nov 2016 10:56:23 GMT" time="0.014" errors="0">
  <testcase name="tests" time="0.014" classname="com.leads.test.suite.TestConfig"/>
</testsuite> <!-- com.leads.test.suite.TestConfig -->
