<?xml version="1.0" encoding="UTF-8"?>
<!-- Generated by org.testng.reporters.JUnitReportReporter -->
<testsuite hostname="Imran" name="com.leads.test.web.BookFlightTest" tests="1" failures="0" timestamp="4 Dec 2016 11:33:11 GMT" time="1.752" errors="0">
  <testcase name="bookAflight" time="1.752" classname="com.leads.test.web.BookFlightTest"/>
</testsuite> <!-- com.leads.test.web.BookFlightTest -->
