<?xml version="1.0" encoding="UTF-8"?>
<!-- Generated by org.testng.reporters.JUnitReportReporter -->
<testsuite hostname="Imran" name="com.leads.test.web.LoginTest" tests="2" failures="0" timestamp="4 Dec 2016 08:23:15 GMT" time="0.946" errors="0">
  <testcase name="checkTitle" time="0.047" classname="com.leads.test.web.LoginTest"/>
  <testcase name="checkLogin" time="0.899" classname="com.leads.test.web.LoginTest"/>
</testsuite> <!-- com.leads.test.web.LoginTest -->
