<?xml version="1.0" encoding="UTF-8"?>
<!-- Generated by org.testng.reporters.JUnitReportReporter -->
<testsuite hostname="Imran" name="com.leads.test.web.LoginTest" tests="2" failures="0" timestamp="4 Dec 2016 11:41:47 GMT" time="1.644" errors="0">
  <testcase name="checkLogin" time="1.625" classname="com.leads.test.web.LoginTest"/>
  <testcase name="checkTitle" time="0.019" classname="com.leads.test.web.LoginTest"/>
</testsuite> <!-- com.leads.test.web.LoginTest -->
