<?xml version="1.0" encoding="UTF-8"?>
<!-- Generated by org.testng.reporters.JUnitReportReporter -->
<testsuite hostname="DESKTOP-3FO0EUP" name="com.leads.test.web.LoginTest" tests="2" failures="0" timestamp="7 Dec 2016 12:01:07 GMT" time="1.212" errors="0">
  <testcase name="checkTitle" time="0.020" classname="com.leads.test.web.LoginTest"/>
  <testcase name="checkLogin" time="1.192" classname="com.leads.test.web.LoginTest"/>
</testsuite> <!-- com.leads.test.web.LoginTest -->
