<?xml version="1.0" encoding="UTF-8"?>
<!-- Generated by org.testng.reporters.JUnitReportReporter -->
<testsuite hostname="Imran" name="com.leads.test.web.LoginTest" tests="2" failures="0" timestamp="3 Dec 2016 10:45:13 GMT" time="0.588" errors="0">
  <testcase name="checkTitle" time="0.012" classname="com.leads.test.web.LoginTest"/>
  <testcase name="checkLogin" time="0.576" classname="com.leads.test.web.LoginTest"/>
</testsuite> <!-- com.leads.test.web.LoginTest -->
