<?xml version="1.0" encoding="UTF-8"?>
<!-- Generated by org.testng.reporters.JUnitReportReporter -->
<testsuite hostname="Imran" name="com.leads.test.suite.TestNgGroupTest" tests="5" failures="0" timestamp="20 Nov 2016 10:40:10 GMT" time="0.014" errors="0">
  <testcase name="testConnectionOMysql" time="0.002" classname="com.leads.test.suite.TestNgGroupTest"/>
  <testcase name="normalTest1" time="0.002" classname="com.leads.test.suite.TestNgGroupTest"/>
  <testcase name="testConnectionOracle" time="0.002" classname="com.leads.test.suite.TestNgGroupTest"/>
  <testcase name="finalTest" time="0.002" classname="com.leads.test.suite.TestNgGroupTest"/>
  <testcase name="normalTest" time="0.006" classname="com.leads.test.suite.TestNgGroupTest"/>
</testsuite> <!-- com.leads.test.suite.TestNgGroupTest -->
