<?xml version="1.0" encoding="UTF-8"?>
<!-- Generated by org.testng.reporters.JUnitReportReporter -->
<testsuite hostname="Imran" name="com.leads.test.web.FlightFinderTest" tests="1" failures="0" timestamp="4 Dec 2016 08:23:15 GMT" time="3.786" errors="0">
  <testcase name="checkFlightFind" time="3.786" classname="com.leads.test.web.FlightFinderTest"/>
</testsuite> <!-- com.leads.test.web.FlightFinderTest -->
