<?xml version="1.0" encoding="UTF-8"?>
<!-- Generated by org.testng.reporters.JUnitReportReporter -->
<testsuite hostname="Imran" name="com.leads.test.TestNGAdvance" tests="1" failures="0" timestamp="20 Nov 2016 08:36:06 GMT" time="4.019" errors="0">
  <testcase name="timeoutTest" time="4.019" classname="com.leads.test.TestNGAdvance"/>
</testsuite> <!-- com.leads.test.TestNGAdvance -->
