<?xml version="1.0" encoding="UTF-8"?>
<!-- Generated by org.testng.reporters.JUnitReportReporter -->
<testsuite hostname="Imran" name="com.leads.test.web.FlightFinderTest" tests="1" failures="0" timestamp="4 Dec 2016 09:35:12 GMT" time="4.923" errors="0">
  <testcase name="checkFlightFind" time="4.923" classname="com.leads.test.web.FlightFinderTest"/>
</testsuite> <!-- com.leads.test.web.FlightFinderTest -->
