<?xml version="1.0" encoding="UTF-8"?>
<!-- Generated by org.testng.reporters.JUnitReportReporter -->
<testsuite hostname="Imran" name="com.leads.test.TestNgGroupTest" tests="5" failures="0" timestamp="20 Nov 2016 09:11:58 GMT" time="0.024" errors="0">
  <testcase name="normalTest1" time="0.002" classname="com.leads.test.TestNgGroupTest"/>
  <testcase name="testConnectionOracle" time="0.005" classname="com.leads.test.TestNgGroupTest"/>
  <testcase name="testConnectionOMysql" time="0.013" classname="com.leads.test.TestNgGroupTest"/>
  <testcase name="finalTest" time="0.002" classname="com.leads.test.TestNgGroupTest"/>
  <testcase name="normalTest" time="0.002" classname="com.leads.test.TestNgGroupTest"/>
</testsuite> <!-- com.leads.test.TestNgGroupTest -->
