<?xml version="1.0" encoding="UTF-8"?>
<!-- Generated by org.testng.reporters.JUnitReportReporter -->
<testsuite hostname="Imran" name="com.leads.test.suite.TestParameterXML" tests="1" failures="0" timestamp="20 Nov 2016 10:58:15 GMT" time="0.012" errors="0">
  <testcase name="dbConnection" time="0.012" classname="com.leads.test.suite.TestParameterXML"/>
</testsuite> <!-- com.leads.test.suite.TestParameterXML -->
