<?xml version="1.0" encoding="UTF-8"?>
<!-- Generated by org.testng.reporters.JUnitReportReporter -->
<testsuite hostname="Imran" name="com.leads.test.web.LoginTest" tests="2" failures="0" timestamp="20 Nov 2016 09:47:28 GMT" time="0.700" errors="0">
  <testcase name="checkLogin" time="0.659" classname="com.leads.test.web.LoginTest"/>
  <testcase name="checkTitle" time="0.041" classname="com.leads.test.web.LoginTest"/>
</testsuite> <!-- com.leads.test.web.LoginTest -->
