<?xml version="1.0" encoding="UTF-8"?>
<!-- Generated by org.testng.reporters.JUnitReportReporter -->
<testsuite hostname="Imran" name="com.leads.test.web.SelectFlightTest" tests="1" failures="0" timestamp="4 Dec 2016 11:33:11 GMT" time="0.926" errors="0">
  <testcase name="selectflight" time="0.926" classname="com.leads.test.web.SelectFlightTest"/>
</testsuite> <!-- com.leads.test.web.SelectFlightTest -->
